<?xml version="1.0" encoding="UTF-8"?>
<!-- Generated by org.testng.reporters.JUnitReportReporter -->
<testsuite hostname="pc_desarrollo" name="ar.com.selenium.fw.scripts.RegressionTest" tests="2" failures="0" timestamp="21 Dec 2013 02:32:20 GMT" time="32.051" errors="0">
  <testcase name="verifySearchButtonFunctionality" time="23.851" classname="ar.com.selenium.fw.scripts.RegressionTest"/>
  <testcase name="verifyEnterOnWikipedia" time="8.200" classname="ar.com.selenium.fw.scripts.RegressionTest"/>
</testsuite> <!-- ar.com.selenium.fw.scripts.RegressionTest -->
