<?xml version="1.0" encoding="UTF-8"?>
<!-- Generated by org.testng.reporters.JUnitReportReporter -->
<testsuite hostname="ArielDuarte" name="ar.com.selenium.fw.scripts.SmokeTest" tests="2" failures="0" timestamp="28 Jul 2013 16:30:53 GMT" time="18.553" errors="0">
  <testcase name="verifyEnterOnWikipedia" time="2.962" classname="ar.com.selenium.fw.scripts.SmokeTest"/>
  <testcase name="verifySearchButtonFunctionality" time="15.591" classname="ar.com.selenium.fw.scripts.SmokeTest"/>
</testsuite> <!-- ar.com.selenium.fw.scripts.SmokeTest -->
