<?xml version="1.0" encoding="UTF-8"?>
<!-- Generated by org.testng.reporters.JUnitReportReporter -->
<testsuite hostname="pc_desarrollo" name="ar.com.selenium.fw.scripts.ExecuteJavascript" tests="1" failures="0" timestamp="21 Dec 2013 02:46:39 GMT" time="19.717" errors="0">
  <testcase name="javaScriptExec" time="19.717" classname="ar.com.selenium.fw.scripts.ExecuteJavascript"/>
</testsuite> <!-- ar.com.selenium.fw.scripts.ExecuteJavascript -->
